01-30-2022 23:41:46.461 [main] INFO  Report.log - Before navigating to: 'http://practice.automationtesting.in/'
01-30-2022 23:41:57.725 [main] INFO  Report.log - Navigated to:'http://practice.automationtesting.in/'
01-30-2022 23:41:58.742 [main] INFO  Report.log - Trying to find Element By : By.xpath: //ul[@id='main-nav']//li[2]
01-30-2022 23:41:58.777 [main] INFO  Report.log - Found Element By : By.xpath: //ul[@id='main-nav']//li[2]
01-30-2022 23:41:58.783 [main] INFO  Report.log - Trying to click on: [[ChromeDriver: chrome on WINDOWS (5f0204ada4d6ae85161f3e86c0252c25)] -> xpath: //ul[@id='main-nav']//li[2]]
01-30-2022 23:42:00.765 [main] INFO  Report.log - Clicked on: [[ChromeDriver: chrome on WINDOWS (5f0204ada4d6ae85161f3e86c0252c25)] -> xpath: //ul[@id='main-nav']//li[2]]
01-30-2022 23:42:00.765 [main] INFO  Report.log - Trying to find Element By : By.xpath: //input[@id='username']
01-30-2022 23:42:00.785 [main] INFO  Report.log - Found Element By : By.xpath: //input[@id='username']
01-30-2022 23:42:00.958 [main] INFO  Report.log - Trying to find Element By : By.xpath: //input[@id='password']
01-30-2022 23:42:00.978 [main] INFO  Report.log - Found Element By : By.xpath: //input[@id='password']
01-30-2022 23:42:01.094 [main] INFO  Report.log - Trying to find Element By : By.xpath:  //div[@id='customer_login']//div//form//p[3]//input[3]
01-30-2022 23:42:01.111 [main] INFO  Report.log - Found Element By : By.xpath:  //div[@id='customer_login']//div//form//p[3]//input[3]
01-30-2022 23:42:01.111 [main] INFO  Report.log - Trying to click on: [[ChromeDriver: chrome on WINDOWS (5f0204ada4d6ae85161f3e86c0252c25)] -> xpath:  //div[@id='customer_login']//div//form//p[3]//input[3]]
01-30-2022 23:42:02.537 [main] INFO  Report.log - Clicked on: [[ChromeDriver: chrome on WINDOWS (5f0204ada4d6ae85161f3e86c0252c25)] -> xpath:  //div[@id='customer_login']//div//form//p[3]//input[3]]
01-30-2022 23:42:06.459 [main] INFO  Report.log - Before navigating to: 'http://practice.automationtesting.in/'
01-30-2022 23:42:17.900 [main] INFO  Report.log - Navigated to:'http://practice.automationtesting.in/'
01-30-2022 23:42:18.297 [main] INFO  Report.log - Trying to find Element By : By.xpath: //ul[@id='main-nav']//li[2]
01-30-2022 23:42:18.335 [main] INFO  Report.log - Found Element By : By.xpath: //ul[@id='main-nav']//li[2]
01-30-2022 23:42:18.335 [main] INFO  Report.log - Trying to click on: [[ChromeDriver: chrome on WINDOWS (2bc696eba57b16e70a6f05eeba28f388)] -> xpath: //ul[@id='main-nav']//li[2]]
01-30-2022 23:42:19.973 [main] INFO  Report.log - Clicked on: [[ChromeDriver: chrome on WINDOWS (2bc696eba57b16e70a6f05eeba28f388)] -> xpath: //ul[@id='main-nav']//li[2]]
01-30-2022 23:42:19.974 [main] INFO  Report.log - Trying to find Element By : By.xpath: //input[@id='username']
01-30-2022 23:42:19.993 [main] INFO  Report.log - Found Element By : By.xpath: //input[@id='username']
01-30-2022 23:42:20.169 [main] INFO  Report.log - Trying to find Element By : By.xpath: //input[@id='password']
01-30-2022 23:42:20.190 [main] INFO  Report.log - Found Element By : By.xpath: //input[@id='password']
01-30-2022 23:42:20.334 [main] INFO  Report.log - Trying to find Element By : By.xpath:  //div[@id='customer_login']//div//form//p[3]//input[3]
01-30-2022 23:42:20.363 [main] INFO  Report.log - Found Element By : By.xpath:  //div[@id='customer_login']//div//form//p[3]//input[3]
01-30-2022 23:42:20.363 [main] INFO  Report.log - Trying to click on: [[ChromeDriver: chrome on WINDOWS (2bc696eba57b16e70a6f05eeba28f388)] -> xpath:  //div[@id='customer_login']//div//form//p[3]//input[3]]
01-30-2022 23:42:21.488 [main] INFO  Report.log - Clicked on: [[ChromeDriver: chrome on WINDOWS (2bc696eba57b16e70a6f05eeba28f388)] -> xpath:  //div[@id='customer_login']//div//form//p[3]//input[3]]
