02-09-2022 23:45:46.583 [main] INFO  Report.log - Before navigating to: 'http://practice.automationtesting.in/'
02-09-2022 23:45:59.679 [main] INFO  Report.log - Navigated to:'http://practice.automationtesting.in/'
02-09-2022 23:46:00.072 [main] INFO  Report.log - Trying to find Element By : By.xpath: //ul[@id='main-nav']//li[2]
02-09-2022 23:46:00.161 [main] INFO  Report.log - Found Element By : By.xpath: //ul[@id='main-nav']//li[2]
02-09-2022 23:46:00.175 [main] INFO  Report.log - Trying to click on: [[ChromeDriver: chrome on WINDOWS (971f3885cce2088dff6563d533fb4da6)] -> xpath: //ul[@id='main-nav']//li[2]]
02-09-2022 23:46:02.299 [main] INFO  Report.log - Clicked on: [[ChromeDriver: chrome on WINDOWS (971f3885cce2088dff6563d533fb4da6)] -> xpath: //ul[@id='main-nav']//li[2]]
02-09-2022 23:46:02.374 [main] INFO  Report.log - Trying to find Element By : By.xpath: //input[@id='username']
02-09-2022 23:46:02.396 [main] INFO  Report.log - Found Element By : By.xpath: //input[@id='username']
02-09-2022 23:46:02.503 [main] INFO  Report.log - Trying to find Element By : By.xpath: //input[@id='password']
02-09-2022 23:46:02.520 [main] INFO  Report.log - Found Element By : By.xpath: //input[@id='password']
02-09-2022 23:46:02.607 [main] INFO  Report.log - Trying to find Element By : By.xpath:  //div[@id='customer_login']//div//form//p[3]//input[3]
02-09-2022 23:46:02.626 [main] INFO  Report.log - Found Element By : By.xpath:  //div[@id='customer_login']//div//form//p[3]//input[3]
02-09-2022 23:46:02.626 [main] INFO  Report.log - Trying to click on: [[ChromeDriver: chrome on WINDOWS (971f3885cce2088dff6563d533fb4da6)] -> xpath:  //div[@id='customer_login']//div//form//p[3]//input[3]]
02-09-2022 23:46:04.079 [main] INFO  Report.log - Clicked on: [[ChromeDriver: chrome on WINDOWS (971f3885cce2088dff6563d533fb4da6)] -> xpath:  //div[@id='customer_login']//div//form//p[3]//input[3]]
02-09-2022 23:46:04.079 [main] INFO  Report.log - Trying to find Element By : By.xpath: //ul[@id='main-nav']//li[2]
02-09-2022 23:46:04.104 [main] INFO  Report.log - Found Element By : By.xpath: //ul[@id='main-nav']//li[2]
02-09-2022 23:46:04.104 [main] INFO  Report.log - Trying to click on: [[ChromeDriver: chrome on WINDOWS (971f3885cce2088dff6563d533fb4da6)] -> xpath: //ul[@id='main-nav']//li[2]]
02-09-2022 23:46:04.970 [main] INFO  Report.log - Clicked on: [[ChromeDriver: chrome on WINDOWS (971f3885cce2088dff6563d533fb4da6)] -> xpath: //ul[@id='main-nav']//li[2]]
02-09-2022 23:46:04.971 [main] INFO  Report.log - Trying to find Element By : By.xpath: //div[@id='page-36']//div//div//nav//ul//li[6]//a
02-09-2022 23:46:04.995 [main] INFO  Report.log - Found Element By : By.xpath: //div[@id='page-36']//div//div//nav//ul//li[6]//a
02-09-2022 23:46:04.996 [main] INFO  Report.log - Trying to click on: [[ChromeDriver: chrome on WINDOWS (971f3885cce2088dff6563d533fb4da6)] -> xpath: //div[@id='page-36']//div//div//nav//ul//li[6]//a]
02-09-2022 23:46:07.132 [main] INFO  Report.log - Clicked on: [[ChromeDriver: chrome on WINDOWS (971f3885cce2088dff6563d533fb4da6)] -> xpath: //div[@id='page-36']//div//div//nav//ul//li[6]//a]
02-09-2022 23:46:07.136 [main] INFO  Report.log - Trying to find Element By : By.xpath: //input[@id='username']
02-09-2022 23:46:07.163 [main] INFO  Report.log - Found Element By : By.xpath: //input[@id='username']
02-09-2022 23:46:07.264 [main] INFO  Report.log - Trying to find Element By : By.xpath: //input[@id='password']
02-09-2022 23:46:07.283 [main] INFO  Report.log - Found Element By : By.xpath: //input[@id='password']
02-09-2022 23:46:07.367 [main] INFO  Report.log - Trying to find Element By : By.xpath:  //div[@id='customer_login']//div//form//p[3]//input[3]
02-09-2022 23:46:07.386 [main] INFO  Report.log - Found Element By : By.xpath:  //div[@id='customer_login']//div//form//p[3]//input[3]
02-09-2022 23:46:07.386 [main] INFO  Report.log - Trying to click on: [[ChromeDriver: chrome on WINDOWS (971f3885cce2088dff6563d533fb4da6)] -> xpath:  //div[@id='customer_login']//div//form//p[3]//input[3]]
02-09-2022 23:46:09.299 [main] INFO  Report.log - Clicked on: [[ChromeDriver: chrome on WINDOWS (971f3885cce2088dff6563d533fb4da6)] -> xpath:  //div[@id='customer_login']//div//form//p[3]//input[3]]
02-09-2022 23:46:09.299 [main] INFO  Report.log - Trying to find Element By : By.xpath: //ul[@id='main-nav']//li[2]
02-09-2022 23:46:09.323 [main] INFO  Report.log - Found Element By : By.xpath: //ul[@id='main-nav']//li[2]
02-09-2022 23:46:09.323 [main] INFO  Report.log - Trying to click on: [[ChromeDriver: chrome on WINDOWS (971f3885cce2088dff6563d533fb4da6)] -> xpath: //ul[@id='main-nav']//li[2]]
02-09-2022 23:46:10.211 [main] INFO  Report.log - Clicked on: [[ChromeDriver: chrome on WINDOWS (971f3885cce2088dff6563d533fb4da6)] -> xpath: //ul[@id='main-nav']//li[2]]
02-09-2022 23:46:10.212 [main] INFO  Report.log - Trying to find Element By : By.xpath: //div[@id='page-36']//div//div//nav//ul//li[6]//a
02-09-2022 23:46:10.227 [main] INFO  Report.log - Found Element By : By.xpath: //div[@id='page-36']//div//div//nav//ul//li[6]//a
02-09-2022 23:46:10.228 [main] INFO  Report.log - Trying to click on: [[ChromeDriver: chrome on WINDOWS (971f3885cce2088dff6563d533fb4da6)] -> xpath: //div[@id='page-36']//div//div//nav//ul//li[6]//a]
02-09-2022 23:46:12.226 [main] INFO  Report.log - Clicked on: [[ChromeDriver: chrome on WINDOWS (971f3885cce2088dff6563d533fb4da6)] -> xpath: //div[@id='page-36']//div//div//nav//ul//li[6]//a]
